\BOOKMARK [0][-]{chapter.1}{1 Analized Project}{}% 1
\BOOKMARK [1][-]{section.1.1}{1.1 Name of Authors of the analyzed project}{chapter.1}% 2
\BOOKMARK [1][-]{section.1.2}{1.2 Link to the repository}{chapter.1}% 3
\BOOKMARK [1][-]{section.1.3}{1.3 Main reference document considered}{chapter.1}% 4
\BOOKMARK [0][-]{chapter.2}{2 Installation Instructions}{}% 5
\BOOKMARK [0][-]{chapter.3}{3 Test of the implemented functionalities}{}% 6
\BOOKMARK [1][-]{section.3.1}{3.1 Insertion of events and free times}{chapter.3}% 7
\BOOKMARK [2][-]{subsection.3.1.1}{3.1.1 Test1}{section.3.1}% 8
\BOOKMARK [2][-]{subsection.3.1.2}{3.1.2 Test2}{section.3.1}% 9
\BOOKMARK [2][-]{subsection.3.1.3}{3.1.3 Test3}{section.3.1}% 10
\BOOKMARK [2][-]{subsection.3.1.4}{3.1.4 Test4}{section.3.1}% 11
\BOOKMARK [2][-]{subsection.3.1.5}{3.1.5 Test5}{section.3.1}% 12
\BOOKMARK [1][-]{section.3.2}{3.2 Notification System}{chapter.3}% 13
\BOOKMARK [1][-]{section.3.3}{3.3 Setting Preferences}{chapter.3}% 14
\BOOKMARK [1][-]{section.3.4}{3.4 Persistance Database to store events and free times}{chapter.3}% 15
\BOOKMARK [2][-]{subsection.3.4.1}{3.4.1 Test 1}{section.3.4}% 16
\BOOKMARK [2][-]{subsection.3.4.2}{3.4.2 Test 2}{section.3.4}% 17
\BOOKMARK [1][-]{section.3.5}{3.5 BikeMI API}{chapter.3}% 18
\BOOKMARK [1][-]{section.3.6}{3.6 Wheather API}{chapter.3}% 19
\BOOKMARK [1][-]{section.3.7}{3.7 Preferences Management}{chapter.3}% 20
\BOOKMARK [2][-]{subsection.3.7.1}{3.7.1 Test 1}{section.3.7}% 21
\BOOKMARK [0][-]{chapter.4}{4 Additional Points}{}% 22
\BOOKMARK [0][-]{chapter.5}{5 Effort Spent}{}% 23
