\BOOKMARK [0][-]{chapter.1}{1 Introduction}{}% 1
\BOOKMARK [1][-]{section.1.1}{1.1 Front page}{chapter.1}% 2
\BOOKMARK [1][-]{section.1.2}{1.2 Purpose}{chapter.1}% 3
\BOOKMARK [1][-]{section.1.3}{1.3 Scope}{chapter.1}% 4
\BOOKMARK [1][-]{section.1.4}{1.4 Revision history}{chapter.1}% 5
\BOOKMARK [0][-]{chapter.2}{2 Requirements and functionalities implemented}{}% 6
\BOOKMARK [1][-]{subsection.2.0.1}{2.0.1 Goal 1}{chapter.2}% 7
\BOOKMARK [2][-]{subsection.2.0.2}{2.0.2 Goal 2}{subsection.2.0.1}% 8
\BOOKMARK [2][-]{subsection.2.0.3}{2.0.3 Goal 3}{subsection.2.0.1}% 9
\BOOKMARK [2][-]{subsection.2.0.4}{2.0.4 Goal 4}{subsection.2.0.1}% 10
\BOOKMARK [2][-]{subsection.2.0.5}{2.0.5 Goal 5}{subsection.2.0.1}% 11
\BOOKMARK [2][-]{subsection.2.0.6}{2.0.6 Goal 6}{subsection.2.0.1}% 12
\BOOKMARK [2][-]{subsection.2.0.7}{2.0.7 Goal 7}{subsection.2.0.1}% 13
\BOOKMARK [2][-]{subsection.2.0.8}{2.0.8 Goal 8}{subsection.2.0.1}% 14
\BOOKMARK [2][-]{subsection.2.0.9}{2.0.9 Goal 9}{subsection.2.0.1}% 15
\BOOKMARK [2][-]{subsection.2.0.10}{2.0.10 Goal 10}{subsection.2.0.1}% 16
\BOOKMARK [0][-]{chapter.3}{3 Frameworks}{}% 17
\BOOKMARK [1][-]{section.3.1}{3.1 Frameworks and Programming languages}{chapter.3}% 18
\BOOKMARK [2][-]{subsection.3.1.1}{3.1.1 Database}{section.3.1}% 19
\BOOKMARK [2][-]{subsection.3.1.2}{3.1.2 Server side}{section.3.1}% 20
\BOOKMARK [2][-]{subsection.3.1.3}{3.1.3 Client Side}{section.3.1}% 21
\BOOKMARK [1][-]{section.3.2}{3.2 Middleware}{chapter.3}% 22
\BOOKMARK [1][-]{section.3.3}{3.3 API}{chapter.3}% 23
\BOOKMARK [2][-]{subsection.3.3.1}{3.3.1 Token: Request a bearer token to authorize the client application}{section.3.3}% 24
\BOOKMARK [2][-]{subsection.3.3.2}{3.3.2 Token: Request a bearer token to authorize the user by username and password}{section.3.3}% 25
\BOOKMARK [2][-]{subsection.3.3.3}{3.3.3 Registration: Register a new user}{section.3.3}% 26
\BOOKMARK [2][-]{subsection.3.3.4}{3.3.4 User profile: Request user profile information}{section.3.3}% 27
\BOOKMARK [0][-]{chapter.4}{4 Server code structure}{}% 28
\BOOKMARK [1][-]{subsubsection*.2}{index.php}{chapter.4}% 29
\BOOKMARK [2][-]{subsubsection*.3}{controllers/AuthenticationController.php}{subsubsection*.2}% 30
\BOOKMARK [3][-]{subsubsection*.4}{controllers/UserController.php}{subsubsection*.3}% 31
\BOOKMARK [0][-]{chapter.5}{5 Client application code structure}{}% 32
\BOOKMARK [1][-]{section.5.1}{5.1 Manifests folder}{chapter.5}% 33
\BOOKMARK [1][-]{section.5.2}{5.2 Res folder}{chapter.5}% 34
\BOOKMARK [1][-]{section.5.3}{5.3 Java folder}{chapter.5}% 35
\BOOKMARK [2][-]{subsubsection*.5}{IdentityManager}{section.5.3}% 36
\BOOKMARK [3][-]{subsubsection*.6}{LoginActivity}{subsubsection*.5}% 37
\BOOKMARK [3][-]{subsubsection*.7}{Scheduler}{subsubsection*.5}% 38
\BOOKMARK [3][-]{subsubsection*.8}{ScheduleManager}{subsubsection*.5}% 39
\BOOKMARK [3][-]{subsubsection*.9}{AppointmentManager}{subsubsection*.5}% 40
\BOOKMARK [3][-]{subsubsection*.10}{AppointmentCreationActivity}{subsubsection*.5}% 41
\BOOKMARK [3][-]{subsubsection*.11}{ScheduleCreationActivity}{subsubsection*.5}% 42
\BOOKMARK [3][-]{subsubsection*.12}{HomeFragment}{subsubsection*.5}% 43
\BOOKMARK [3][-]{subsubsection*.13}{UserProfileFragment}{subsubsection*.5}% 44
\BOOKMARK [3][-]{subsubsection*.14}{AppointmentListFragment}{subsubsection*.5}% 45
\BOOKMARK [3][-]{subsubsection*.15}{ScheduleListFragment}{subsubsection*.5}% 46
\BOOKMARK [3][-]{subsubsection*.16}{NetworkManager}{subsubsection*.5}% 47
\BOOKMARK [3][-]{subsubsection*.17}{MapUtils}{subsubsection*.5}% 48
\BOOKMARK [2][-]{subsection.5.3.1}{5.3.1 API wrappers}{section.5.3}% 49
\BOOKMARK [3][-]{subsubsection*.18}{WeatherForecastAPIWrapper}{subsection.5.3.1}% 50
\BOOKMARK [3][-]{subsubsection*.19}{MappingServiceAPIWrapper}{subsection.5.3.1}% 51
\BOOKMARK [3][-]{subsubsection*.20}{TravelMeanAPIWrapper}{subsection.5.3.1}% 52
\BOOKMARK [0][-]{chapter.6}{6 Testing}{}% 53
\BOOKMARK [1][-]{section.6.1}{6.1 Server tests}{chapter.6}% 54
\BOOKMARK [2][-]{subsection.6.1.1}{6.1.1 Goal 1}{section.6.1}% 55
\BOOKMARK [2][-]{subsection.6.1.2}{6.1.2 Goal 2}{section.6.1}% 56
\BOOKMARK [2][-]{subsection.6.1.3}{6.1.3 Other tests}{section.6.1}% 57
\BOOKMARK [1][-]{section.6.2}{6.2 Client test}{chapter.6}% 58
\BOOKMARK [2][-]{subsection.6.2.1}{6.2.1 Goal 1}{section.6.2}% 59
\BOOKMARK [2][-]{subsection.6.2.2}{6.2.2 Goal 2}{section.6.2}% 60
\BOOKMARK [2][-]{subsection.6.2.3}{6.2.3 Goal 4}{section.6.2}% 61
\BOOKMARK [2][-]{subsection.6.2.4}{6.2.4 Goal 5}{section.6.2}% 62
\BOOKMARK [2][-]{subsection.6.2.5}{6.2.5 Goal 6}{section.6.2}% 63
\BOOKMARK [2][-]{subsection.6.2.6}{6.2.6 Goal 7}{section.6.2}% 64
\BOOKMARK [2][-]{subsection.6.2.7}{6.2.7 Goal 9}{section.6.2}% 65
\BOOKMARK [0][-]{chapter.7}{7 Installation instructions}{}% 66
\BOOKMARK [1][-]{section.7.1}{7.1 Instruction}{chapter.7}% 67
\BOOKMARK [2][-]{subsection.7.1.1}{7.1.1 Enable third part application}{section.7.1}% 68
\BOOKMARK [0][-]{chapter.8}{8 Effort Spent}{}% 69
